<?xml version="1.0" encoding="UTF-8"?>
<!-- Generated by org.testng.reporters.JUnitXMLReporter -->
<testsuite ignored="0" hostname="DESKTOP-02SBHH8" failures="0" tests="10" name="Default test" time="0.719" errors="0" timestamp="2022-12-08T11:36:31 IST">
  <testcase classname="MCF_TestNG.TestNG_MCF_E2E" name="@BeforeClass setUp" time="0.19">
    <failure type="java.lang.IllegalStateException" message="The driver executable must exist: D:\SeleniumTraining\chromedriver_win32 (1)\chromedriver.exe">
      <![CDATA[java.lang.IllegalStateException: The driver executable must exist: D:\SeleniumTraining\chromedriver_win32 (1)\chromedriver.exe
at org.openqa.selenium.internal.Require$FileStateChecker.isFile(Require.java:345)
at org.openqa.selenium.remote.service.DriverService.checkExecutable(DriverService.java:160)
at org.openqa.selenium.remote.service.DriverService.findExecutable(DriverService.java:155)
at org.openqa.selenium.chrome.ChromeDriverService.access$000(ChromeDriverService.java:39)
at org.openqa.selenium.chrome.ChromeDriverService$Builder.findDefaultExecutable(ChromeDriverService.java:233)
at org.openqa.selenium.remote.service.DriverService$Builder.build(DriverService.java:450)
at org.openqa.selenium.chrome.ChromeDriverService.createDefaultService(ChromeDriverService.java:128)
at org.openqa.selenium.chrome.ChromeDriver.<init>(ChromeDriver.java:49)
at MCF_TestNG.TestNG_MCF_E2E.setUp(TestNG_MCF_E2E.java:23)
at java.base/jdk.internal.reflect.NativeMethodAccessorImpl.invoke0(Native Method)
at java.base/jdk.internal.reflect.NativeMethodAccessorImpl.invoke(NativeMethodAccessorImpl.java:77)
at java.base/jdk.internal.reflect.DelegatingMethodAccessorImpl.invoke(DelegatingMethodAccessorImpl.java:43)
at java.base/java.lang.reflect.Method.invoke(Method.java:568)
at org.testng.internal.invokers.MethodInvocationHelper.invokeMethod(MethodInvocationHelper.java:139)
at org.testng.internal.invokers.MethodInvocationHelper.invokeMethodConsideringTimeout(MethodInvocationHelper.java:69)
at org.testng.internal.invokers.ConfigInvoker.invokeConfigurationMethod(ConfigInvoker.java:361)
at org.testng.internal.invokers.ConfigInvoker.invokeConfigurations(ConfigInvoker.java:296)
at org.testng.internal.invokers.TestMethodWorker.invokeBeforeClassMethods(TestMethodWorker.java:180)
at org.testng.internal.invokers.TestMethodWorker.run(TestMethodWorker.java:122)
at java.base/java.util.ArrayList.forEach(ArrayList.java:1511)
at org.testng.TestRunner.privateRun(TestRunner.java:806)
at org.testng.TestRunner.run(TestRunner.java:601)
at org.testng.SuiteRunner.runTest(SuiteRunner.java:433)
at org.testng.SuiteRunner.runSequentially(SuiteRunner.java:427)
at org.testng.SuiteRunner.privateRun(SuiteRunner.java:387)
at org.testng.SuiteRunner.run(SuiteRunner.java:330)
at org.testng.SuiteRunnerWorker.runSuite(SuiteRunnerWorker.java:52)
at org.testng.SuiteRunnerWorker.run(SuiteRunnerWorker.java:95)
at org.testng.TestNG.runSuitesSequentially(TestNG.java:1256)
at org.testng.TestNG.runSuitesLocally(TestNG.java:1176)
at org.testng.TestNG.runSuites(TestNG.java:1099)
at org.testng.TestNG.run(TestNG.java:1067)
at org.testng.remote.AbstractRemoteTestNG.run(AbstractRemoteTestNG.java:115)
at org.testng.remote.RemoteTestNG.initAndRun(RemoteTestNG.java:251)
at org.testng.remote.RemoteTestNG.main(RemoteTestNG.java:77)
]]>
    </failure>
  </testcase> <!-- @BeforeClass setUp -->
  <testcase classname="MCF_TestNG.TestNG_MCF_E2E" name="@AfterClass tearDown" time="0.0">
    <skipped/>
  </testcase> <!-- @AfterClass tearDown -->
  <testcase classname="MCF_TestNG.TestNG_MCF_E2E" name="autoResponder" time="0.001">
    <skipped/>
  </testcase> <!-- autoResponder -->
  <testcase classname="MCF_TestNG.TestNG_MCF_E2E" name="basicformInfo" time="0.0">
    <skipped/>
  </testcase> <!-- basicformInfo -->
  <testcase classname="MCF_TestNG.TestNG_MCF_E2E" name="emailSub" time="0.001">
    <skipped/>
  </testcase> <!-- emailSub -->
  <testcase classname="MCF_TestNG.TestNG_MCF_E2E" name="formAppearance" time="0.0">
    <skipped/>
  </testcase> <!-- formAppearance -->
  <testcase classname="MCF_TestNG.TestNG_MCF_E2E" name="loginintoMCF" time="0.0">
    <skipped/>
  </testcase> <!-- loginintoMCF -->
  <testcase classname="MCF_TestNG.TestNG_MCF_E2E" name="main" time="0.001">
    <skipped/>
  </testcase> <!-- main -->
  <testcase classname="MCF_TestNG.TestNG_MCF_E2E" name="newFormwizard" time="0.0">
    <skipped/>
  </testcase> <!-- newFormwizard -->
  <testcase classname="MCF_TestNG.TestNG_MCF_E2E" name="questionSetup" time="0.0">
    <skipped/>
  </testcase> <!-- questionSetup -->
  <testcase classname="MCF_TestNG.TestNG_MCF_E2E" name="sendToAddress" time="0.0">
    <skipped/>
  </testcase> <!-- sendToAddress -->
  <testcase classname="MCF_TestNG.TestNG_MCF_E2E" name="startWizard" time="0.0">
    <skipped/>
  </testcase> <!-- startWizard -->
</testsuite> <!-- Default test -->
